Build started 6/19/2014 11:10:51 AM.
     1>Project "C:\Users\DeadTomGC\Documents\Visual Studio 2010\Projects\nitepy\nitepy\nitepy.vcxproj" on node 2 (build target(s)).
     1>InitializeBuildStatus:
         Creating "Release\nitepy.unsuccessfulbuild" because "AlwaysCreate" was specified.
       ClCompile:
         c:\Program Files (x86)\Microsoft Visual Studio 10.0\VC\bin\CL.exe /c /Zi /nologo /W3 /WX- /O2 /Oi /Oy- /GL /D WIN32 /D NDEBUG /D _WINDOWS /D _USRDLL /D NITEPY_EXPORTS /D _WINDLL /D _UNICODE /D UNICODE /Gm- /EHsc /MD /GS /Gy /fp:precise /Zc:wchar_t /Zc:forScope /Fo"Release\\" /Fd"Release\vc100.pdb" /Gd /TP /analyze- /errorReport:prompt Tracker.cpp
         Tracker.cpp
       Link:
         c:\Program Files (x86)\Microsoft Visual Studio 10.0\VC\bin\link.exe /ERRORREPORT:PROMPT /OUT:"C:\Users\DeadTomGC\Documents\Visual Studio 2010\Projects\nitepy\Release\nitepy.dll" /INCREMENTAL:NO /NOLOGO OpenNI2.lib NiTE2.lib kernel32.lib user32.lib gdi32.lib winspool.lib comdlg32.lib advapi32.lib shell32.lib ole32.lib oleaut32.lib uuid.lib odbc32.lib odbccp32.lib /MANIFEST /ManifestFile:"Release\nitepy.dll.intermediate.manifest" /MANIFESTUAC:"level='asInvoker' uiAccess='false'" /DEBUG /PDB:"C:\Users\DeadTomGC\Documents\Visual Studio 2010\Projects\nitepy\Release\nitepy.pdb" /SUBSYSTEM:WINDOWS /OPT:REF /OPT:ICF /LTCG /TLBID:1 /DYNAMICBASE /NXCOMPAT /IMPLIB:"C:\Users\DeadTomGC\Documents\Visual Studio 2010\Projects\nitepy\Release\nitepy.lib" /MACHINE:X86 /DLL Release\Tracker.obj
            Creating library C:\Users\DeadTomGC\Documents\Visual Studio 2010\Projects\nitepy\Release\nitepy.lib and object C:\Users\DeadTomGC\Documents\Visual Studio 2010\Projects\nitepy\Release\nitepy.exp
         Generating code
         Finished generating code
         nitepy.vcxproj -> C:\Users\DeadTomGC\Documents\Visual Studio 2010\Projects\nitepy\Release\nitepy.dll
       Manifest:
         C:\Program Files (x86)\Microsoft SDKs\Windows\v7.0A\bin\mt.exe /nologo /verbose /outputresource:"C:\Users\DeadTomGC\Documents\Visual Studio 2010\Projects\nitepy\Release\nitepy.dll;#2" /manifest Release\nitepy.dll.intermediate.manifest
       FinalizeBuildStatus:
         Deleting file "Release\nitepy.unsuccessfulbuild".
         Touching "Release\nitepy.lastbuildstate".
     1>Done Building Project "C:\Users\DeadTomGC\Documents\Visual Studio 2010\Projects\nitepy\nitepy\nitepy.vcxproj" (build target(s)).

Build succeeded.

Time Elapsed 00:00:00.89
